<?xml version="1.0" encoding="UTF-8"?>
<!-- Generated by org.testng.reporters.JUnitReportReporter -->
<testsuite hostname="zinmie" failures="0" tests="1" name="AProject.tests.SubmitOrderTest" time="41.970" errors="0" timestamp="2025-07-14T09:15:56 MMT" skipped="0">
  <testcase classname="AProject.tests.SubmitOrderTest" name="submitOrder" time="41.970"/>
</testsuite> <!-- AProject.tests.SubmitOrderTest -->
