<?xml version="1.0" encoding="UTF-8"?>
<!-- Generated by org.testng.reporters.JUnitReportReporter -->
<testsuite hostname="zinmie" failures="0" tests="1" name="AProject.tests.SubmitOrderTest" time="16.359" errors="0" timestamp="2025-08-13T09:12:51 MMT" skipped="0">
  <testcase classname="AProject.tests.SubmitOrderTest" name="submitOrder" time="16.359"/>
</testsuite> <!-- AProject.tests.SubmitOrderTest -->
