<?xml version="1.0" encoding="UTF-8"?>
<!-- Generated by org.testng.reporters.JUnitReportReporter -->
<testsuite hostname="zinmie" failures="0" tests="1" name="AProject.tests.SubmitOrderTest" time="11.565" errors="0" timestamp="2025-07-24T08:41:53 MMT" skipped="0">
  <testcase classname="AProject.tests.SubmitOrderTest" name="submitOrder" time="11.565"/>
</testsuite> <!-- AProject.tests.SubmitOrderTest -->
